[21:18:43.499] [INFO] Storybook Upgrade - v9.1.17
[21:18:43.507] [INFO] detect-projects-spinner-start: Detecting projects...
[21:18:43.508] [DEBUG] Finding Storybook projects...
[21:18:43.565] [DEBUG] Found 1 Storybook projects
[21:18:43.566] [INFO] detect-projects-spinner: Detecting projects: 1 projects
[21:18:43.566] [DEBUG] Getting Storybook data...
[21:18:43.566] [DEBUG] Getting Storybook info...
[21:18:43.566] [DEBUG] Loading main config...
[21:18:43.615] [DEBUG] Getting stories paths...
[21:18:43.621] [DEBUG] Getting package manager...
[21:18:43.878] [DEBUG] Getting Storybook version...
[21:18:43.878] [DEBUG] /.storybook - Validating before version... 8.0.9
[21:18:43.878] [DEBUG] /.storybook - Validating upgrade compatibility...
[21:18:43.878] [DEBUG] /.storybook - Fetching NPM version information...
[21:18:43.878] [DEBUG] Getting CLI versions from NPM for storybook...
[21:18:43.879] [DEBUG] Getting CLI versions from NPM for storybook@next...
[21:18:44.246] [DEBUG] /.storybook - Evaluating blockers...
[21:18:44.247] [DEBUG] Getting installed version for @storybook/experimental-addon-test...
[21:18:44.547] [INFO] detect-projects-spinner-stop: 1 project detected
[21:18:44.547] [DEBUG] Found 1 valid projects and 0 error projects
[21:18:44.547] [INFO] Upgrading from 8.0.9 to 9.1.17
[21:18:44.553] [ERROR] Blockers detected

Storybook has found potential blockers that need to be resolved before upgrading:

vite version < 5.0.0 support removed

Support for vite version < 5.0.0 has been removed.
Storybook needs a minimum version of 5.0.0, but you have version 4.5.9.

Affected projects: /.storybook

---

After addressing this, you can try running the upgrade command again. You can also rerun the upgrade command with the --force flag to skip the blocker check and to proceed with the upgrade.